#
# There is insufficient memory for the Java Runtime Environment to continue.
# Native memory allocation (mmap) failed to map 1073741824 bytes for G1 virtual space
# Possible reasons:
#   The system is out of physical RAM or swap space
#   The process is running with CompressedOops enabled, and the Java Heap may be blocking the growth of the native heap
# Possible solutions:
#   Reduce memory load on the system
#   Increase physical memory or swap space
#   Check if swap backing store is full
#   Decrease Java heap size (-Xmx/-Xms)
#   Decrease number of Java threads
#   Decrease Java thread stack sizes (-Xss)
#   Set larger code cache with -XX:ReservedCodeCacheSize=
#   JVM is running with Zero Based Compressed Oops mode in which the Java heap is
#     placed in the first 32GB address space. The Java Heap base address is the
#     maximum limit for the native heap growth. Please use -XX:HeapBaseMinAddress
#     to set the Java Heap base and to place the Java Heap above 32GB virtual address.
# This output file may be truncated or incomplete.
#
#  Out of Memory Error (os_windows.cpp:3771), pid=57420, tid=56928
#
# JRE version:  (17.0.7) (build )
# Java VM: OpenJDK 64-Bit Server VM (17.0.7+0-b2043.56-10550314, mixed mode, sharing, tiered, compressed oops, compressed class ptrs, g1 gc, windows-amd64)
# No core dump will be written. Minidumps are not enabled by default on client versions of Windows
#

---------------  S U M M A R Y ------------

Command Line: org.jetbrains.kotlin.cli.jvm.K2JVMCompiler @C:\Users\marfo\AndroidStudioProjects\MyPicturesApp\app\build\20240425_10112817333549816509.compiler.options

Host: AMD Ryzen 9 3900X 12-Core Processor            , 24 cores, 63G,  Windows 11 , 64 bit Build 22621 (10.0.22621.3430)
Time: Thu Apr 25 19:04:18 2024 W. Europe Daylight Time elapsed time: 0.008763 seconds (0d 0h 0m 0s)

---------------  T H R E A D  ---------------

Current thread (0x000001c5994b2900):  JavaThread "Unknown thread" [_thread_in_vm, id=56928, stack(0x0000000593300000,0x0000000593400000)]

Stack: [0x0000000593300000,0x0000000593400000]
Native frames: (J=compiled Java code, j=interpreted, Vv=VM code, C=native code)
V  [jvm.dll+0x683bfa]
V  [jvm.dll+0x8430a4]
V  [jvm.dll+0x8449be]
V  [jvm.dll+0x845023]
V  [jvm.dll+0x24ad2f]
V  [jvm.dll+0x680ac9]
V  [jvm.dll+0x67519a]
V  [jvm.dll+0x30b3cb]
V  [jvm.dll+0x312876]
V  [jvm.dll+0x36221e]
V  [jvm.dll+0x36244f]
V  [jvm.dll+0x2e14a8]
V  [jvm.dll+0x2e2414]
V  [jvm.dll+0x814391]
V  [jvm.dll+0x36ffe1]
V  [jvm.dll+0x7f396c]
V  [jvm.dll+0x3f305f]
V  [jvm.dll+0x3f4b91]
C  [jli.dll+0x528f]
C  [ucrtbase.dll+0x29333]
C  [KERNEL32.DLL+0x1257d]
C  [ntdll.dll+0x5aa48]


---------------  P R O C E S S  ---------------

Threads class SMR info:
_java_thread_list=0x00007ffe3d50d098, length=0, elements={
}

Java Threads: ( => current thread )

Other Threads:
  0x000001c5d28308c0 GCTaskThread "GC Thread#0" [stack: 0x0000000593400000,0x0000000593500000] [id=31132]
  0x000001c5994d0b60 ConcurrentGCThread "G1 Main Marker" [stack: 0x0000000593500000,0x0000000593600000] [id=55324]
  0x000001c59956c3c0 ConcurrentGCThread "G1 Conc#0" [stack: 0x0000000593600000,0x0000000593700000] [id=33104]

[error occurred during error reporting (printing all threads), id 0xc0000005, EXCEPTION_ACCESS_VIOLATION (0xc0000005) at pc=0x00007ffe3ccc2087]

VM state: not at safepoint (not fully initialized)

VM Mutex/Monitor currently owned by a thread:  ([mutex/lock_event])
[0x000001c5994ada10] Heap_lock - owner thread: 0x000001c5994b2900

Heap address: 0x0000000080000000, size: 16368 MB, Compressed Oops mode: Zero based, Oop shift amount: 3

CDS archive(s) mapped at: [0x0000000000000000-0x0000000000000000-0x0000000000000000), size 0, SharedBaseAddress: 0x0000000800000000, ArchiveRelocationMode: 0.
Narrow klass base: 0x0000000000000000, Narrow klass shift: 0, Narrow klass range: 0x0

GC Precious Log:
<Empty>

Heap:
 garbage-first heap   total 0K, used 0K [0x0000000080000000, 0x000000047f000000)
  region size 8192K, 0 young (0K), 0 survivors (0K)
 Metaspace       used 0K, committed 0K, reserved 0K
  class space    used 0K, committed 0K, reserved 0K

Heap Regions: E=young(eden), S=young(survivor), O=old, HS=humongous(starts), HC=humongous(continues), CS=collection set, F=free, OA=open archive, CA=closed archive, TAMS=top-at-mark-start (previous, next)

Card table byte_map: [0x000001c5ae760000,0x000001c5b0760000] _byte_map_base: 0x000001c5ae360000

Marking Bits (Prev, Next): (CMBitMap*) 0x000001c599566be0, (CMBitMap*) 0x000001c599566c20
 Prev Bits: [0x000001c5b2760000, 0x000001c5c2720000)
 Next Bits: [0x000001c5c2720000, 0x000001c5d26e0000)

GC Heap History (0 events):
No events

Dll operation events (1 events):
Event: 0.005 Loaded shared library C:\Program Files\Android\Android Studio\jbr\bin\java.dll

Deoptimization events (0 events):
No events

Classes unloaded (0 events):
No events

Classes redefined (0 events):
No events

Internal exceptions (0 events):
No events

VM Operations (0 events):
No events

Events (0 events):
No events


Dynamic libraries:
0x00007ff771f30000 - 0x00007ff771f3a000 	C:\Program Files\Android\Android Studio\jbr\bin\java.exe
0x00007ffe97770000 - 0x00007ffe97987000 	C:\WINDOWS\SYSTEM32\ntdll.dll
0x00007ffe97120000 - 0x00007ffe971e4000 	C:\WINDOWS\System32\KERNEL32.DLL
0x00007ffe94d30000 - 0x00007ffe950db000 	C:\WINDOWS\System32\KERNELBASE.dll
0x00007ffe95380000 - 0x00007ffe95491000 	C:\WINDOWS\System32\ucrtbase.dll
0x00007ffe800c0000 - 0x00007ffe800d7000 	C:\Program Files\Android\Android Studio\jbr\bin\jli.dll
0x00007ffe65b50000 - 0x00007ffe65b6b000 	C:\Program Files\Android\Android Studio\jbr\bin\VCRUNTIME140.dll
0x00007ffe959c0000 - 0x00007ffe95b6e000 	C:\WINDOWS\System32\USER32.dll
0x00007ffe94c30000 - 0x00007ffe94c56000 	C:\WINDOWS\System32\win32u.dll
0x00007ffe77fe0000 - 0x00007ffe78273000 	C:\WINDOWS\WinSxS\amd64_microsoft.windows.common-controls_6595b64144ccf1df_6.0.22621.3430_none_270fe68173859015\COMCTL32.dll
0x00007ffe967e0000 - 0x00007ffe96809000 	C:\WINDOWS\System32\GDI32.dll
0x00007ffe96d70000 - 0x00007ffe96e17000 	C:\WINDOWS\System32\msvcrt.dll
0x00007ffe94a90000 - 0x00007ffe94ba9000 	C:\WINDOWS\System32\gdi32full.dll
0x00007ffe94c60000 - 0x00007ffe94cfa000 	C:\WINDOWS\System32\msvcp_win.dll
0x00007ffe976f0000 - 0x00007ffe97721000 	C:\WINDOWS\System32\IMM32.DLL
0x00007ffe803b0000 - 0x00007ffe803bc000 	C:\Program Files\Android\Android Studio\jbr\bin\vcruntime140_1.dll
0x00007ffe3c370000 - 0x00007ffe3c3fd000 	C:\Program Files\Android\Android Studio\jbr\bin\msvcp140.dll
0x00007ffe3c9d0000 - 0x00007ffe3d650000 	C:\Program Files\Android\Android Studio\jbr\bin\server\jvm.dll
0x00007ffe97050000 - 0x00007ffe97102000 	C:\WINDOWS\System32\ADVAPI32.dll
0x00007ffe95b70000 - 0x00007ffe95c18000 	C:\WINDOWS\System32\sechost.dll
0x00007ffe94d00000 - 0x00007ffe94d28000 	C:\WINDOWS\System32\bcrypt.dll
0x00007ffe96f30000 - 0x00007ffe97045000 	C:\WINDOWS\System32\RPCRT4.dll
0x00007ffe80670000 - 0x00007ffe806a4000 	C:\WINDOWS\SYSTEM32\WINMM.dll
0x00007ffe8d700000 - 0x00007ffe8d70a000 	C:\WINDOWS\SYSTEM32\VERSION.dll
0x00007ffe25680000 - 0x00007ffe25689000 	C:\WINDOWS\SYSTEM32\WSOCK32.dll
0x00007ffe954c0000 - 0x00007ffe95531000 	C:\WINDOWS\System32\WS2_32.dll
0x00007ffe93bc0000 - 0x00007ffe93bd8000 	C:\WINDOWS\SYSTEM32\kernel.appcore.dll
0x00007ffe8d280000 - 0x00007ffe8d28a000 	C:\Program Files\Android\Android Studio\jbr\bin\jimage.dll
0x00007ffe924c0000 - 0x00007ffe926f3000 	C:\WINDOWS\SYSTEM32\DBGHELP.DLL
0x00007ffe972f0000 - 0x00007ffe97678000 	C:\WINDOWS\System32\combase.dll
0x00007ffe96b90000 - 0x00007ffe96c67000 	C:\WINDOWS\System32\OLEAUT32.dll
0x00007ffe8c310000 - 0x00007ffe8c342000 	C:\WINDOWS\SYSTEM32\dbgcore.DLL
0x00007ffe94bb0000 - 0x00007ffe94c29000 	C:\WINDOWS\System32\bcryptPrimitives.dll
0x00007ffe89780000 - 0x00007ffe897a5000 	C:\Program Files\Android\Android Studio\jbr\bin\java.dll

dbghelp: loaded successfully - version: 4.0.5 - missing functions: none
symbol engine: initialized successfully - sym options: 0x614 - pdb path: .;C:\Program Files\Android\Android Studio\jbr\bin;C:\WINDOWS\SYSTEM32;C:\WINDOWS\WinSxS\amd64_microsoft.windows.common-controls_6595b64144ccf1df_6.0.22621.3430_none_270fe68173859015;C:\Program Files\Android\Android Studio\jbr\bin\server

VM Arguments:
java_command: org.jetbrains.kotlin.cli.jvm.K2JVMCompiler @C:\Users\marfo\AndroidStudioProjects\MyPicturesApp\app\build\20240425_10112817333549816509.compiler.options
java_class_path (initial): C:\Users\marfo\.gradle\caches\modules-2\files-2.1\org.jetbrains.kotlin\kotlin-compiler-embeddable\1.9.0\2c8c3a7402becca891f12739b3e9fd2dc2adbd7a\kotlin-compiler-embeddable-1.9.0.jar;C:\Users\marfo\.gradle\caches\modules-2\files-2.1\org.jetbrains.kotlin\kotlin-stdlib\1.9.0\8ee15ef0c67dc83d874f412d84378d7f0eb50b63\kotlin-stdlib-1.9.0.jar;C:\Users\marfo\.gradle\caches\modules-2\files-2.1\org.jetbrains.kotlin\kotlin-script-runtime\1.9.0\4b3102cbbb7e1b58d9d1adf89563f00069ffa7d1\kotlin-script-runtime-1.9.0.jar;C:\Users\marfo\.gradle\caches\modules-2\files-2.1\org.jetbrains.kotlin\kotlin-reflect\1.6.10\1cbe9c92c12a94eea200d23c2bbaedaf3daf5132\kotlin-reflect-1.6.10.jar;C:\Users\marfo\.gradle\caches\modules-2\files-2.1\org.jetbrains.kotlin\kotlin-daemon-embeddable\1.9.0\186543f5e28cf8d9a0290fecc2cf34301c40a65c\kotlin-daemon-embeddable-1.9.0.jar;C:\Users\marfo\.gradle\caches\modules-2\files-2.1\org.jetbrains.intellij.deps\trove4j\1.0.20200330\3afb14d5f9ceb459d724e907a21145e8ff394f02\trove4j-1.0.20200330.jar;C:\Users\marfo\.gradle\caches\modules-2\files-2.1\org.jetbrains.kotlin\kotlin-stdlib-common\1.9.0\cd65c21cfd1eec4d44ef09f9f52b6d9f8a720636\kotlin-stdlib-common-1.9.0.jar;C:\Users\marfo\.gradle\caches\modules-2\files-2.1\org.jetbrains\annotations\13.0\919f0dfe192fb4e063e7dacadee7f8bb9a2672a9\annotations-13.0.jar
Launcher Type: SUN_STANDARD

[Global flags]
     intx CICompilerCount                          = 12                                        {product} {ergonomic}
     uint ConcGCThreads                            = 5                                         {product} {ergonomic}
     uint G1ConcRefinementThreads                  = 18                                        {product} {ergonomic}
   size_t G1HeapRegionSize                         = 8388608                                   {product} {ergonomic}
    uintx GCDrainStackTargetSize                   = 64                                        {product} {ergonomic}
   size_t InitialHeapSize                          = 1073741824                                {product} {ergonomic}
   size_t MarkStackSize                            = 4194304                                   {product} {ergonomic}
   size_t MaxHeapSize                              = 17163091968                               {product} {ergonomic}
   size_t MinHeapDeltaBytes                        = 8388608                                   {product} {ergonomic}
   size_t MinHeapSize                              = 8388608                                   {product} {ergonomic}
    uintx NonNMethodCodeHeapSize                   = 7602480                                {pd product} {ergonomic}
    uintx NonProfiledCodeHeapSize                  = 122027880                              {pd product} {ergonomic}
    uintx ProfiledCodeHeapSize                     = 122027880                              {pd product} {ergonomic}
    uintx ReservedCodeCacheSize                    = 251658240                              {pd product} {ergonomic}
     bool SegmentedCodeCache                       = true                                      {product} {ergonomic}
   size_t SoftMaxHeapSize                          = 17163091968                            {manageable} {ergonomic}
     bool UseCompressedClassPointers               = true                           {product lp64_product} {ergonomic}
     bool UseCompressedOops                        = true                           {product lp64_product} {ergonomic}
     bool UseG1GC                                  = true                                      {product} {ergonomic}
     bool UseLargePagesIndividualAllocation        = false                                  {pd product} {ergonomic}

Logging:
Log output configuration:
 #0: stdout all=warning uptime,level,tags
 #1: stderr all=off uptime,level,tags

Environment Variables:
PATH=C:\Program Files\Common Files\Oracle\Java\javapath;C:\Program Files (x86)\Common Files\Oracle\Java\javapath;C:\Program Files (x86)\VMware\VMware Player\bin\;C:\Program Files (x86)\Razer Chroma SDK\bin;C:\Program Files\Razer Chroma SDK\bin;C:\Program Files\AdoptOpenJDK\jdk-13.0.2.8-hotspot\bin;C:\Program Files (x86)\Razer\ChromaBroadcast\bin;C:\Program Files\Razer\ChromaBroadcast\bin;C:\WINDOWS\system32;C:\WINDOWS;C:\WINDOWS\System32\Wbem;C:\WINDOWS\System32\WindowsPowerShell\v1.0\;C:\WINDOWS\System32\OpenSSH\;C:\Program Files (x86)\NVIDIA Corporation\PhysX\Common;C:\Program Files\dotnet\;C:\Program Files\Git\cmd;C:\Users\marfo\AppData\Local\Microsoft\WindowsApps;C:\Users\marfo\AppData\Local\Programs\Microsoft VS Code\bin;C:\Program Files\JetBrains\IntelliJ IDEA 2019.3.2\bin;C:\Program Files\Microsoft SQL Server\Client SDK\ODBC\170\Tools\Binn\;C:\Program Files (x86)\Microsoft SQL Server\150\Tools\Binn\;C:\Program Files\Microsoft SQL Server\150\Tools\Binn\;C:\Program Files\Microsoft SQL Server\150\DTS\Binn\;C:\ProgramData\chocolatey\bin;C:\Users\marfo\.dotnet\tools;C:\Program Files\Go\bin;C:\Program Files\NVIDIA Corporation\NVIDIA NvDLISR;C:\WINDOWS\system32;C:\WINDOWS;C:\WINDOWS\System32\Wbem;C:\WINDOWS\System32\WindowsPowerShell\v1.0\;C:\WINDOWS\System32\OpenSSH\;C:\Program Files (x86)\Gpg4win\..\GnuPG\bin;C:\Program Files\Docker\Docker\resources\bin;C:\Program Files\Sqlite3;C:\Users\marfo\AppData\Local\Microsoft\WindowsApps;C:\Users\marfo\AppData\Local\Programs\Microsoft VS Code\bin;C:\Program Files\JetBrains\IntelliJ IDEA 2023.3.2\bin;;C:\Program Files\JetBrains\PyCharm Community Edition 2021.3.1\bin;;C:\tools\neovim\Neovim\bin;C:\Users\marfo\go\bin;C:\Users\marfo\.dotnet\tools;C:\Users\marfo\AppData\Local\GitHubDesktop\bin
USERNAME=marfo
OS=Windows_NT
PROCESSOR_IDENTIFIER=AMD64 Family 23 Model 113 Stepping 0, AuthenticAMD
TMP=C:\Users\marfo\AppData\Local\Temp
TEMP=C:\Users\marfo\AppData\Local\Temp


JNI global refs:
JNI global refs: 0, weak refs: 0

JNI global refs memory usage: 0, weak refs: 0

OOME stack traces (most recent first):
Classloader memory used:


---------------  S Y S T E M  ---------------

OS:
 Windows 11 , 64 bit Build 22621 (10.0.22621.3430)
OS uptime: 12 days 13:30 hours

CPU: total 24 (initial active 24) (24 cores per cpu, 2 threads per core) family 23 model 113 stepping 0 microcode 0x0, cx8, cmov, fxsr, ht, mmx, 3dnowpref, sse, sse2, sse3, ssse3, sse4a, sse4.1, sse4.2, popcnt, lzcnt, tsc, tscinvbit, avx, avx2, aes, clmul, bmi1, bmi2, adx, sha, fma, vzeroupper, clflush, clflushopt

Memory: 4k page, system-wide physical 65445M (6250M free)
TotalPageFile size 131340M (AvailPageFile size 636M)
current process WorkingSet (physical memory assigned to process): 11M, peak: 11M
current process commit charge ("private bytes"): 82M, peak: 1106M

vm_info: OpenJDK 64-Bit Server VM (17.0.7+0-b2043.56-10550314) for windows-amd64 JRE (17.0.7+0-b2043.56-10550314), built on Jul 24 2023 18:27:45 by "androidbuild" with MS VC++ 16.10 / 16.11 (VS2019)

END.
